<?xml version="1.0" encoding="UTF-8"?>
<!-- Generated by org.testng.reporters.JUnitReportReporter -->
<testsuite hostname="MDL-174-1QCL9X2" failures="0" tests="1" name="Continue.FacebookSignUp" time="5.988" errors="0" timestamp="2021-10-30T19:12:43 IST" skipped="0">
  <testcase classname="Continue.FacebookSignUp" name="initBrow" time="5.988"/>
  <system-out/>
</testsuite> <!-- Continue.FacebookSignUp -->
