<?xml version="1.0" encoding="UTF-8"?>
<!-- Generated by org.testng.reporters.JUnitReportReporter -->
<testsuite hostname="MDL-174-1QCL9X2" failures="0" tests="1" name="Continue.Test1" time="6.972" errors="0" timestamp="2021-10-28T16:38:17 IST" skipped="0">
  <testcase classname="Continue.Test1" name="initBrow" time="6.972"/>
  <system-out/>
</testsuite> <!-- Continue.Test1 -->
